<?xml version="1.0" encoding="UTF-8"?>
<coverage generated="1689881903477" clover="3.2.0">
  <project timestamp="1689881903477" name="All files">
    <metrics statements="30" coveredstatements="27" conditionals="14" coveredconditionals="7" methods="10" coveredmethods="8" elements="54" coveredelements="42" complexity="0" loc="30" ncloc="30" packages="1" files="2" classes="2"/>
    <file name="functionality.js" path="C:\Users\John\Desktop\Microverse\Module 2  - JavaScript\ES6-To-Do-List\src\modules\functionality.js">
      <metrics statements="14" coveredstatements="11" conditionals="6" coveredconditionals="2" methods="5" coveredmethods="3"/>
      <line num="1" count="1" type="stmt"/>
      <line num="3" count="1" type="stmt"/>
      <line num="10" count="1" type="stmt"/>
      <line num="13" count="1" type="stmt"/>
      <line num="14" count="1" type="cond" truecount="1" falsecount="1"/>
      <line num="16" count="1" type="stmt"/>
      <line num="18" count="1" type="cond" truecount="1" falsecount="1"/>
      <line num="20" count="1" type="stmt"/>
      <line num="21" count="1" type="stmt"/>
      <line num="27" count="1" type="stmt"/>
      <line num="29" count="0" type="stmt"/>
      <line num="31" count="0" type="cond" truecount="0" falsecount="2"/>
      <line num="33" count="0" type="stmt"/>
      <line num="37" count="1" type="stmt"/>
    </file>
    <file name="interactive.js" path="C:\Users\John\Desktop\Microverse\Module 2  - JavaScript\ES6-To-Do-List\src\modules\interactive.js">
      <metrics statements="16" coveredstatements="16" conditionals="8" coveredconditionals="5" methods="5" coveredmethods="5"/>
      <line num="1" count="1" type="stmt"/>
      <line num="2" count="3" type="stmt"/>
      <line num="4" count="3" type="cond" truecount="1" falsecount="1"/>
      <line num="5" count="3" type="cond" truecount="2" falsecount="0"/>
      <line num="6" count="1" type="stmt"/>
      <line num="7" count="1" type="stmt"/>
      <line num="9" count="2" type="stmt"/>
      <line num="13" count="1" type="stmt"/>
      <line num="14" count="3" type="stmt"/>
      <line num="18" count="1" type="cond" truecount="1" falsecount="1"/>
      <line num="19" count="1" type="stmt"/>
      <line num="20" count="2" type="stmt"/>
      <line num="22" count="2" type="cond" truecount="1" falsecount="1"/>
      <line num="24" count="2" type="stmt"/>
      <line num="25" count="3" type="stmt"/>
      <line num="31" count="1" type="stmt"/>
    </file>
  </project>
</coverage>
