{"C:\\Users\\John\\Desktop\\Microverse\\Module 2  - JavaScript\\ES6-To-Do-List\\src\\modules\\functionality.js": {"path":"C:\\Users\\John\\Desktop\\Microverse\\Module 2  - JavaScript\\ES6-To-Do-List\\src\\modules\\functionality.js","statementMap":{"0":{"start":{"line":1,"column":16},"end":{"line":11,"column":1}},"1":{"start":{"line":3,"column":15},"end":{"line":7,"column":3}},"2":{"start":{"line":10,"column":2},"end":{"line":10,"column":24}},"3":{"start":{"line":13,"column":19},"end":{"line":25,"column":1}},"4":{"start":{"line":14,"column":2},"end":{"line":24,"column":3}},"5":{"start":{"line":16,"column":4},"end":{"line":16,"column":29}},"6":{"start":{"line":18,"column":4},"end":{"line":23,"column":5}},"7":{"start":{"line":20,"column":6},"end":{"line":22,"column":9}},"8":{"start":{"line":21,"column":8},"end":{"line":21,"column":31}},"9":{"start":{"line":27,"column":17},"end":{"line":35,"column":1}},"10":{"start":{"line":29,"column":15},"end":{"line":29,"column":65}},"11":{"start":{"line":29,"column":44},"end":{"line":29,"column":64}},"12":{"start":{"line":31,"column":2},"end":{"line":34,"column":3}},"13":{"start":{"line":33,"column":4},"end":{"line":33,"column":38}},"14":{"start":{"line":37,"column":0},"end":{"line":41,"column":2}}},"fnMap":{"0":{"name":"(anonymous_0)","decl":{"start":{"line":1,"column":16},"end":{"line":1,"column":17}},"loc":{"start":{"line":1,"column":52},"end":{"line":11,"column":1}},"line":1},"1":{"name":"(anonymous_1)","decl":{"start":{"line":13,"column":19},"end":{"line":13,"column":20}},"loc":{"start":{"line":13,"column":39},"end":{"line":25,"column":1}},"line":13},"2":{"name":"(anonymous_2)","decl":{"start":{"line":20,"column":25},"end":{"line":20,"column":26}},"loc":{"start":{"line":20,"column":42},"end":{"line":22,"column":7}},"line":20},"3":{"name":"(anonymous_3)","decl":{"start":{"line":27,"column":17},"end":{"line":27,"column":18}},"loc":{"start":{"line":27,"column":53},"end":{"line":35,"column":1}},"line":27},"4":{"name":"(anonymous_4)","decl":{"start":{"line":29,"column":31},"end":{"line":29,"column":32}},"loc":{"start":{"line":29,"column":44},"end":{"line":29,"column":64}},"line":29}},"branchMap":{"0":{"loc":{"start":{"line":14,"column":2},"end":{"line":24,"column":3}},"type":"if","locations":[{"start":{"line":14,"column":2},"end":{"line":24,"column":3}},{"start":{},"end":{}}],"line":14},"1":{"loc":{"start":{"line":18,"column":4},"end":{"line":23,"column":5}},"type":"if","locations":[{"start":{"line":18,"column":4},"end":{"line":23,"column":5}},{"start":{},"end":{}}],"line":18},"2":{"loc":{"start":{"line":31,"column":2},"end":{"line":34,"column":3}},"type":"if","locations":[{"start":{"line":31,"column":2},"end":{"line":34,"column":3}},{"start":{},"end":{}}],"line":31}},"s":{"0":1,"1":1,"2":1,"3":1,"4":1,"5":1,"6":1,"7":1,"8":1,"9":1,"10":0,"11":0,"12":0,"13":0,"14":1},"f":{"0":1,"1":1,"2":1,"3":0,"4":0},"b":{"0":[1,0],"1":[1,0],"2":[0,0]},"_coverageSchema":"1a1c01bbd47fc00a2c39e90264f33305004495a9","hash":"a7aaa55449ecbc25ac2e9553027eb76ae6178cda"}
,"C:\\Users\\John\\Desktop\\Microverse\\Module 2  - JavaScript\\ES6-To-Do-List\\src\\modules\\interactive.js": {"path":"C:\\Users\\John\\Desktop\\Microverse\\Module 2  - JavaScript\\ES6-To-Do-List\\src\\modules\\interactive.js","statementMap":{"0":{"start":{"line":1,"column":27},"end":{"line":11,"column":1}},"1":{"start":{"line":2,"column":15},"end":{"line":2,"column":29}},"2":{"start":{"line":4,"column":2},"end":{"line":10,"column":3}},"3":{"start":{"line":5,"column":4},"end":{"line":8,"column":5}},"4":{"start":{"line":6,"column":6},"end":{"line":6,"column":28}},"5":{"start":{"line":7,"column":6},"end":{"line":7,"column":13}},"6":{"start":{"line":9,"column":4},"end":{"line":9,"column":25}},"7":{"start":{"line":13,"column":27},"end":{"line":30,"column":1}},"8":{"start":{"line":14,"column":16},"end":{"line":14,"column":73}},"9":{"start":{"line":14,"column":47},"end":{"line":14,"column":72}},"10":{"start":{"line":18,"column":2},"end":{"line":29,"column":3}},"11":{"start":{"line":19,"column":4},"end":{"line":28,"column":7}},"12":{"start":{"line":20,"column":6},"end":{"line":20,"column":43}},"13":{"start":{"line":22,"column":6},"end":{"line":27,"column":7}},"14":{"start":{"line":24,"column":8},"end":{"line":26,"column":11}},"15":{"start":{"line":25,"column":10},"end":{"line":25,"column":33}},"16":{"start":{"line":31,"column":0},"end":{"line":31,"column":60}}},"fnMap":{"0":{"name":"(anonymous_0)","decl":{"start":{"line":1,"column":27},"end":{"line":1,"column":28}},"loc":{"start":{"line":1,"column":47},"end":{"line":11,"column":1}},"line":1},"1":{"name":"(anonymous_1)","decl":{"start":{"line":13,"column":27},"end":{"line":13,"column":28}},"loc":{"start":{"line":13,"column":43},"end":{"line":30,"column":1}},"line":13},"2":{"name":"(anonymous_2)","decl":{"start":{"line":14,"column":34},"end":{"line":14,"column":35}},"loc":{"start":{"line":14,"column":47},"end":{"line":14,"column":72}},"line":14},"3":{"name":"(anonymous_3)","decl":{"start":{"line":19,"column":18},"end":{"line":19,"column":19}},"loc":{"start":{"line":19,"column":28},"end":{"line":28,"column":5}},"line":19},"4":{"name":"(anonymous_4)","decl":{"start":{"line":24,"column":27},"end":{"line":24,"column":28}},"loc":{"start":{"line":24,"column":44},"end":{"line":26,"column":9}},"line":24}},"branchMap":{"0":{"loc":{"start":{"line":4,"column":2},"end":{"line":10,"column":3}},"type":"if","locations":[{"start":{"line":4,"column":2},"end":{"line":10,"column":3}},{"start":{},"end":{}}],"line":4},"1":{"loc":{"start":{"line":5,"column":4},"end":{"line":8,"column":5}},"type":"if","locations":[{"start":{"line":5,"column":4},"end":{"line":8,"column":5}},{"start":{},"end":{}}],"line":5},"2":{"loc":{"start":{"line":18,"column":2},"end":{"line":29,"column":3}},"type":"if","locations":[{"start":{"line":18,"column":2},"end":{"line":29,"column":3}},{"start":{},"end":{}}],"line":18},"3":{"loc":{"start":{"line":22,"column":6},"end":{"line":27,"column":7}},"type":"if","locations":[{"start":{"line":22,"column":6},"end":{"line":27,"column":7}},{"start":{},"end":{}}],"line":22}},"s":{"0":1,"1":4,"2":4,"3":4,"4":2,"5":2,"6":2,"7":1,"8":1,"9":4,"10":1,"11":1,"12":2,"13":2,"14":2,"15":5,"16":1},"f":{"0":4,"1":1,"2":4,"3":2,"4":5},"b":{"0":[4,0],"1":[2,2],"2":[1,0],"3":[2,0]},"_coverageSchema":"1a1c01bbd47fc00a2c39e90264f33305004495a9","hash":"fced51d89a89adefce8fc9ce9e9f91eaefd6ba70"}
,"C:\\Users\\John\\Desktop\\Microverse\\Module 2  - JavaScript\\ES6-To-Do-List\\src\\modules\\mockStorage.js": {"path":"C:\\Users\\John\\Desktop\\Microverse\\Module 2  - JavaScript\\ES6-To-Do-List\\src\\modules\\mockStorage.js","statementMap":{"0":{"start":{"line":1,"column":20},"end":{"line":11,"column":1}},"1":{"start":{"line":5,"column":4},"end":{"line":5,"column":34}},"2":{"start":{"line":9,"column":4},"end":{"line":9,"column":27}},"3":{"start":{"line":13,"column":19},"end":{"line":34,"column":1}},"4":{"start":{"line":36,"column":0},"end":{"line":36,"column":62}},"5":{"start":{"line":38,"column":0},"end":{"line":40,"column":2}}},"fnMap":{"0":{"name":"(anonymous_0)","decl":{"start":{"line":4,"column":11},"end":{"line":4,"column":12}},"loc":{"start":{"line":4,"column":26},"end":{"line":6,"column":3}},"line":4},"1":{"name":"(anonymous_1)","decl":{"start":{"line":8,"column":11},"end":{"line":8,"column":12}},"loc":{"start":{"line":8,"column":33},"end":{"line":10,"column":3}},"line":8}},"branchMap":{"0":{"loc":{"start":{"line":5,"column":11},"end":{"line":5,"column":33}},"type":"binary-expr","locations":[{"start":{"line":5,"column":11},"end":{"line":5,"column":25}},{"start":{"line":5,"column":29},"end":{"line":5,"column":33}}],"line":5}},"s":{"0":2,"1":3,"2":3,"3":2,"4":2,"5":2},"f":{"0":3,"1":3},"b":{"0":[3,0]},"_coverageSchema":"1a1c01bbd47fc00a2c39e90264f33305004495a9","hash":"17d92f29554c53f73afd205f66e0ad5bfd986449"}
}
