TN:
SF:src\modules\functionality.js
FN:1,(anonymous_0)
FN:13,(anonymous_1)
FN:20,(anonymous_2)
FN:27,(anonymous_3)
FN:29,(anonymous_4)
FNF:5
FNH:3
FNDA:1,(anonymous_0)
FNDA:1,(anonymous_1)
FNDA:1,(anonymous_2)
FNDA:0,(anonymous_3)
FNDA:0,(anonymous_4)
DA:1,1
DA:3,1
DA:10,1
DA:13,1
DA:14,1
DA:16,1
DA:18,1
DA:20,1
DA:21,1
DA:27,1
DA:29,0
DA:31,0
DA:33,0
DA:37,1
LF:14
LH:11
BRDA:14,0,0,1
BRDA:14,0,1,0
BRDA:18,1,0,1
BRDA:18,1,1,0
BRDA:31,2,0,0
BRDA:31,2,1,0
BRF:6
BRH:2
end_of_record
TN:
SF:src\modules\interactive.js
FN:1,(anonymous_0)
FN:13,(anonymous_1)
FN:14,(anonymous_2)
FN:19,(anonymous_3)
FN:24,(anonymous_4)
FNF:5
FNH:5
FNDA:3,(anonymous_0)
FNDA:1,(anonymous_1)
FNDA:3,(anonymous_2)
FNDA:2,(anonymous_3)
FNDA:3,(anonymous_4)
DA:1,1
DA:2,3
DA:4,3
DA:5,3
DA:6,1
DA:7,1
DA:9,2
DA:13,1
DA:14,3
DA:18,1
DA:19,1
DA:20,2
DA:22,2
DA:24,2
DA:25,3
DA:31,1
LF:16
LH:16
BRDA:4,0,0,3
BRDA:4,0,1,0
BRDA:5,1,0,1
BRDA:5,1,1,2
BRDA:18,2,0,1
BRDA:18,2,1,0
BRDA:22,3,0,2
BRDA:22,3,1,0
BRF:8
BRH:5
end_of_record
